#
# A fatal error has been detected by the Java Runtime Environment:
#
#  EXCEPTION_ACCESS_VIOLATION (0xc0000005) at pc=0x000000006558afad, pid=5152, tid=5952
#
# JRE version: 7.0_25-b17
# Java VM: Java HotSpot(TM) 64-Bit Server VM (23.25-b01 mixed mode windows-amd64 compressed oops)
# Problematic frame:
# C  [gdx64.dll+0xafad]
#
# Failed to write core dump. Minidumps are not enabled by default on client versions of Windows
#
# If you would like to submit a bug report, please visit:
#   http://bugreport.sun.com/bugreport/crash.jsp
# The crash happened outside the Java Virtual Machine in native code.
# See problematic frame for where to report the bug.
#

---------------  T H R E A D  ---------------

Current thread (0x000000000d447000):  JavaThread "LWJGL Application" [_thread_in_native, id=5952, stack(0x000000000e6a0000,0x000000000e7a0000)]

siginfo: ExceptionCode=0xc0000005, reading address 0x00000002001964e0

Registers:
RAX=0x0000000000000008, RBX=0x000000000010dea0, RCX=0x00000002001964e0, RDX=0x00000000000000b8
RSP=0x000000000e79ecf0, RBP=0x000000000e79eee0, RSI=0x0000000000000006, RDI=0x00000000020f64f0
R8 =0x000000000010dea0, R9 =0x0000000000000000, R10=0x0000000000000001, R11=0x0000000000000001
R12=0x0000000000000000, R13=0x000000077b72c920, R14=0x000000000e79ef88, R15=0x000000000d447000
RIP=0x000000006558afad, EFLAGS=0x0000000000010202

Top of Stack: (sp=0x000000000e79ecf0)
0x000000000e79ecf0:   000000008e000000 0000000000000000
0x000000000e79ed00:   000000000d3114a8 000000006104e6f5
0x000000000e79ed10:   000000000010dea0 000000000e79eda0
0x000000000e79ed20:   00000000020f64f0 000000000e79eee0
0x000000000e79ed30:   0000000000000000 00000000655a0873
0x000000000e79ed40:   0000000000000012 0000000060edea35
0x000000000e79ed50:   000000000d3114a8 0000000100000012
0x000000000e79ed60:   0000000000000002 00000000ef6e8bfc
0x000000000e79ed70:   00000000020f64f0 00000000655a8df8
0x000000000e79ed80:   000000000e79ede0 0000000000000003
0x000000000e79ed90:   00000000020f64f0 00000000020f55d8
0x000000000e79eda0:   415dddde00000002 0000000040000000
0x000000000e79edb0:   0000000000000000 0000000000000000
0x000000000e79edc0:   0000010100000000 000000000e79ef01
0x000000000e79edd0:   0000000000000000 000000003f800000
0x000000000e79ede0:   000000077b72c920 00000000021023a8 

Instructions: (pc=0x000000006558afad)
0x000000006558af8d:   cf c0 05 00 48 63 f6 0f b6 34 30 83 fe 0d 77 25
0x000000006558af9d:   48 63 f6 48 8d 46 02 48 8b 0c c3 48 85 c9 74 3e
0x000000006558afad:   48 8b 11 48 89 14 c3 48 89 c8 48 83 c4 20 5b 5e
0x000000006558afbd:   5f 5d 41 5c c3 48 8d 0d bf da 04 00 48 8d 15 50 


Register to memory mapping:

RAX=0x0000000000000008 is an unknown value
RBX=0x000000000010dea0 is an unknown value
RCX=0x00000002001964e0 is an unknown value
RDX=0x00000000000000b8 is an unknown value
RSP=0x000000000e79ecf0 is pointing into the stack for thread: 0x000000000d447000
RBP=0x000000000e79eee0 is pointing into the stack for thread: 0x000000000d447000
RSI=0x0000000000000006 is an unknown value
RDI=0x00000000020f64f0 is an Interpreter codelet
return entry points  [0x00000000020f5820, 0x00000000020f7620]  7680 bytes
R8 =0x000000000010dea0 is an unknown value
R9 =0x0000000000000000 is an unknown value
R10=0x0000000000000001 is an unknown value
R11=0x0000000000000001 is an unknown value
R12=0x0000000000000000 is an unknown value
R13=0x000000077b72c920 is an oop
{method} 
 - klass: {other class}
R14=0x000000000e79ef88 is pointing into the stack for thread: 0x000000000d447000
R15=0x000000000d447000 is a thread


Stack: [0x000000000e6a0000,0x000000000e7a0000],  sp=0x000000000e79ecf0,  free space=1019k
Native frames: (J=compiled Java code, j=interpreted, Vv=VM code, C=native code)
C  [gdx64.dll+0xafad]
j  com.badlogic.gdx.physics.box2d.World.createBody(Lcom/badlogic/gdx/physics/box2d/BodyDef;)Lcom/badlogic/gdx/physics/box2d/Body;+80
j  sirkarpfen.breakablock.entities.bodies.BodyFactory.createBody(Lcom/badlogic/gdx/math/Vector2;Lcom/badlogic/gdx/physics/box2d/BodyDef$BodyType;)Lcom/badlogic/gdx/physics/box2d/Body;+43
j  sirkarpfen.breakablock.entities.Ball.createBody(FF)V+32
j  sirkarpfen.breakablock.entities.Ball.<init>(FFF)V+99
j  sirkarpfen.breakablock.entities.manager.EntityManager.createBall()V+80
j  sirkarpfen.breakablock.screens.GameScreen.render(F)V+298
j  com.badlogic.gdx.Game.render()V+19
j  com.badlogic.gdx.backends.lwjgl.LwjglApplication.mainLoop()V+491
j  com.badlogic.gdx.backends.lwjgl.LwjglApplication$1.run()V+27
v  ~StubRoutines::call_stub
V  [jvm.dll+0x1a6844]

Java frames: (J=compiled Java code, j=interpreted, Vv=VM code)
j  com.badlogic.gdx.physics.box2d.World.jniCreateBody(JIFFFFFFFFZZZZZF)J+0
j  com.badlogic.gdx.physics.box2d.World.createBody(Lcom/badlogic/gdx/physics/box2d/BodyDef;)Lcom/badlogic/gdx/physics/box2d/Body;+80
j  sirkarpfen.breakablock.entities.bodies.BodyFactory.createBody(Lcom/badlogic/gdx/math/Vector2;Lcom/badlogic/gdx/physics/box2d/BodyDef$BodyType;)Lcom/badlogic/gdx/physics/box2d/Body;+43
j  sirkarpfen.breakablock.entities.Ball.createBody(FF)V+32
j  sirkarpfen.breakablock.entities.Ball.<init>(FFF)V+99
j  sirkarpfen.breakablock.entities.manager.EntityManager.createBall()V+80
j  sirkarpfen.breakablock.screens.GameScreen.render(F)V+298
j  com.badlogic.gdx.Game.render()V+19
j  com.badlogic.gdx.backends.lwjgl.LwjglApplication.mainLoop()V+491
j  com.badlogic.gdx.backends.lwjgl.LwjglApplication$1.run()V+27
v  ~StubRoutines::call_stub

---------------  P R O C E S S  ---------------

Java Threads: ( => current thread )
  0x0000000001f5c800 JavaThread "DestroyJavaVM" [_thread_blocked, id=4736, stack(0x0000000001ff0000,0x00000000020f0000)]
=>0x000000000d447000 JavaThread "LWJGL Application" [_thread_in_native, id=5952, stack(0x000000000e6a0000,0x000000000e7a0000)]
  0x000000000b449800 JavaThread "Service Thread" daemon [_thread_blocked, id=4668, stack(0x000000000d020000,0x000000000d120000)]
  0x000000000b43e800 JavaThread "C2 CompilerThread1" daemon [_thread_blocked, id=5196, stack(0x000000000c570000,0x000000000c670000)]
  0x000000000b439800 JavaThread "C2 CompilerThread0" daemon [_thread_blocked, id=3864, stack(0x000000000cdc0000,0x000000000cec0000)]
  0x000000000b438800 JavaThread "Attach Listener" daemon [_thread_blocked, id=2604, stack(0x000000000cb60000,0x000000000cc60000)]
  0x000000000b431000 JavaThread "Signal Dispatcher" daemon [_thread_blocked, id=5704, stack(0x000000000ca40000,0x000000000cb40000)]
  0x0000000001e7f800 JavaThread "Finalizer" daemon [_thread_blocked, id=5564, stack(0x000000000c850000,0x000000000c950000)]
  0x0000000001e7e000 JavaThread "Reference Handler" daemon [_thread_blocked, id=4292, stack(0x000000000c690000,0x000000000c790000)]

Other Threads:
  0x000000000b3af800 VMThread [stack: 0x000000000c410000,0x000000000c510000] [id=5676]
  0x000000000b452800 WatcherThread [stack: 0x000000000d200000,0x000000000d300000] [id=4340]

VM state:not at safepoint (normal execution)

VM Mutex/Monitor currently owned by a thread: None

Heap
 PSYoungGen      total 38144K, used 25850K [0x00000007d56b0000, 0x00000007d8140000, 0x0000000800000000)
  eden space 32704K, 79% used [0x00000007d56b0000,0x00000007d6fee8e0,0x00000007d76a0000)
  from space 5440K, 0% used [0x00000007d7bf0000,0x00000007d7bf0000,0x00000007d8140000)
  to   space 5440K, 0% used [0x00000007d76a0000,0x00000007d76a0000,0x00000007d7bf0000)
 ParOldGen       total 87232K, used 0K [0x0000000780400000, 0x0000000785930000, 0x00000007d56b0000)
  object space 87232K, 0% used [0x0000000780400000,0x0000000780400000,0x0000000785930000)
 PSPermGen       total 21248K, used 6220K [0x000000077b200000, 0x000000077c6c0000, 0x0000000780400000)
  object space 21248K, 29% used [0x000000077b200000,0x000000077b813280,0x000000077c6c0000)

Card table byte_map: [0x00000000050f0000,0x0000000005520000] byte_map_base: 0x0000000001517000

Polling page: 0x0000000000300000

Code Cache  [0x00000000020f0000, 0x0000000002360000, 0x00000000050f0000)
 total_blobs=605 nmethods=224 adapters=332 free_code_cache=48294Kb largest_free_block=49425344

Compilation events (10 events):
Event: 22.542 Thread 0x000000000b439800  220             java.lang.Integer::getChars (131 bytes)
Event: 22.542 Thread 0x000000000b43e800  219             java.lang.Integer::stringSize (21 bytes)
Event: 22.546 Thread 0x000000000b43e800 nmethod 219 0x00000000021c77d0 code [0x00000000021c7900, 0x00000000021c79f8]
Event: 22.557 Thread 0x000000000b439800 nmethod 220 0x00000000021c6490 code [0x00000000021c65e0, 0x00000000021c6ad8]
Event: 23.898 Thread 0x000000000b43e800  221             java.lang.AbstractStringBuilder::append (48 bytes)
Event: 23.903 Thread 0x000000000b43e800 nmethod 221 0x00000000021c8bd0 code [0x00000000021c8d20, 0x00000000021c90d8]
Event: 24.721 Thread 0x000000000b439800  222             java.lang.StringBuilder::append (8 bytes)
Event: 24.727 Thread 0x000000000b439800 nmethod 222 0x00000000021c8310 code [0x00000000021c8460, 0x00000000021c8818]
Event: 26.244 Thread 0x000000000b43e800  223  s!         sun.misc.URLClassPath::getLoader (154 bytes)
Event: 26.263 Thread 0x000000000b43e800 nmethod 223 0x00000000021c96d0 code [0x00000000021c98a0, 0x00000000021ca720]

GC Heap History (0 events):
No events

Deoptimization events (6 events):
Event: 2.448 Thread 0x000000000d447000 Uncommon trap -58 fr.pc 0x00000000021a9240
Event: 2.452 Thread 0x000000000d447000 Uncommon trap -58 fr.pc 0x00000000021a9240
Event: 2.482 Thread 0x000000000d447000 Uncommon trap -58 fr.pc 0x00000000021a9240
Event: 2.494 Thread 0x000000000d447000 Uncommon trap -58 fr.pc 0x00000000021a9240
Event: 3.793 Thread 0x000000000d447000 Uncommon trap -34 fr.pc 0x00000000021ba934
Event: 3.966 Thread 0x000000000d447000 Uncommon trap -83 fr.pc 0x000000000218853c

Internal exceptions (10 events):
Event: 0.771 Thread 0x000000000d447000 Threw 0x00000007d64f67e0 at C:\jdk7u2_64p\jdk7u25\hotspot\src\share\vm\prims\jvm.cpp:1235
Event: 0.772 Thread 0x000000000d447000 Threw 0x00000007d6502668 at C:\jdk7u2_64p\jdk7u25\hotspot\src\share\vm\prims\jvm.cpp:1235
Event: 0.772 Thread 0x000000000d447000 Threw 0x00000007d6505550 at C:\jdk7u2_64p\jdk7u25\hotspot\src\share\vm\prims\jvm.cpp:1235
Event: 0.773 Thread 0x000000000d447000 Threw 0x00000007d6508300 at C:\jdk7u2_64p\jdk7u25\hotspot\src\share\vm\prims\jvm.cpp:1235
Event: 0.789 Thread 0x000000000d447000 Threw 0x00000007d6517738 at C:\jdk7u2_64p\jdk7u25\hotspot\src\share\vm\prims\jvm.cpp:1235
Event: 0.789 Thread 0x000000000d447000 Threw 0x00000007d651b5c0 at C:\jdk7u2_64p\jdk7u25\hotspot\src\share\vm\prims\jvm.cpp:1235
Event: 0.790 Thread 0x000000000d447000 Threw 0x00000007d651f1f0 at C:\jdk7u2_64p\jdk7u25\hotspot\src\share\vm\prims\jvm.cpp:1235
Event: 0.790 Thread 0x000000000d447000 Threw 0x00000007d6523090 at C:\jdk7u2_64p\jdk7u25\hotspot\src\share\vm\prims\jvm.cpp:1235
Event: 5.217 Thread 0x000000000d447000 Threw 0x00000007d673d870 at C:\jdk7u2_64p\jdk7u25\hotspot\src\share\vm\prims\jvm.cpp:1235
Event: 5.220 Thread 0x000000000d447000 Threw 0x00000007d6746dc0 at C:\jdk7u2_64p\jdk7u25\hotspot\src\share\vm\prims\jvm.cpp:1235

Events (10 events):
Event: 3.793 Thread 0x000000000d447000 DEOPT PACKING pc=0x00000000021ba934 sp=0x000000000e79f170
Event: 3.793 Thread 0x000000000d447000 DEOPT UNPACKING pc=0x0000000002129164 sp=0x000000000e79f110 mode 2
Event: 3.966 Thread 0x000000000d447000 DEOPT PACKING pc=0x000000000218853c sp=0x000000000e79f090
Event: 3.966 Thread 0x000000000d447000 DEOPT UNPACKING pc=0x0000000002129164 sp=0x000000000e79f010 mode 2
Event: 4.260 Executing VM operation: EnableBiasedLocking
Event: 4.260 Executing VM operation: EnableBiasedLocking done
Event: 5.217 loading class 0x000000000d4692a0
Event: 5.217 loading class 0x000000000d4692a0 done
Event: 5.220 loading class 0x000000000d44c650
Event: 5.220 loading class 0x000000000d44c650 done


Dynamic libraries:
0x000000013f3e0000 - 0x000000013f413000 	C:\Program Files\Java\jdk1.7.0_25\bin\javaw.exe
0x0000000077840000 - 0x00000000779e9000 	C:\Windows\SYSTEM32\ntdll.dll
0x0000000077720000 - 0x000000007783f000 	C:\Windows\system32\kernel32.dll
0x000007fefd9d0000 - 0x000007fefda3b000 	C:\Windows\system32\KERNELBASE.dll
0x000007feff000000 - 0x000007feff0db000 	C:\Windows\system32\ADVAPI32.dll
0x000007fefeef0000 - 0x000007fefef8f000 	C:\Windows\system32\msvcrt.dll
0x000007feff140000 - 0x000007feff15f000 	C:\Windows\SYSTEM32\sechost.dll
0x000007fefdc20000 - 0x000007fefdd4d000 	C:\Windows\system32\RPCRT4.dll
0x0000000077620000 - 0x000000007771a000 	C:\Windows\system32\USER32.dll
0x000007fefef90000 - 0x000007fefeff7000 	C:\Windows\system32\GDI32.dll
0x000007feff640000 - 0x000007feff64e000 	C:\Windows\system32\LPK.dll
0x000007feff570000 - 0x000007feff639000 	C:\Windows\system32\USP10.dll
0x000007fefc050000 - 0x000007fefc244000 	C:\Windows\WinSxS\amd64_microsoft.windows.common-controls_6595b64144ccf1df_6.0.7601.17514_none_fa396087175ac9ac\COMCTL32.dll
0x000007fefdfd0000 - 0x000007fefe041000 	C:\Windows\system32\SHLWAPI.dll
0x000007feffb10000 - 0x000007feffb3e000 	C:\Windows\system32\IMM32.DLL
0x000007fefede0000 - 0x000007fefeee9000 	C:\Windows\system32\MSCTF.dll
0x0000000062f40000 - 0x0000000063011000 	C:\Program Files\Java\jdk1.7.0_25\jre\bin\msvcr100.dll
0x0000000060df0000 - 0x00000000614ff000 	C:\Program Files\Java\jdk1.7.0_25\jre\bin\server\jvm.dll
0x000007fef9c20000 - 0x000007fef9c29000 	C:\Windows\system32\WSOCK32.dll
0x000007fefdb30000 - 0x000007fefdb7d000 	C:\Windows\system32\WS2_32.dll
0x000007feffb40000 - 0x000007feffb48000 	C:\Windows\system32\NSI.dll
0x000007fef7f00000 - 0x000007fef7f3b000 	C:\Windows\system32\WINMM.dll
0x0000000077a10000 - 0x0000000077a17000 	C:\Windows\system32\PSAPI.DLL
0x0000000064f40000 - 0x0000000064f4f000 	C:\Program Files\Java\jdk1.7.0_25\jre\bin\verify.dll
0x0000000064ed0000 - 0x0000000064ef8000 	C:\Program Files\Java\jdk1.7.0_25\jre\bin\java.dll
0x0000000064eb0000 - 0x0000000064ec5000 	C:\Program Files\Java\jdk1.7.0_25\jre\bin\zip.dll
0x0000000065580000 - 0x000000006560d000 	C:\Users\Die Scholzis\AppData\Local\Temp\libgdxDie Scholzis\353737039\gdx64.dll
0x0000000180000000 - 0x0000000180050000 	C:\Users\Die Scholzis\AppData\Local\Temp\libgdxDie Scholzis\27538956\lwjgl64.dll
0x000007fef8cb0000 - 0x000007fef8dcd000 	C:\Windows\system32\OPENGL32.dll
0x000007fef8c80000 - 0x000007fef8cad000 	C:\Windows\system32\GLU32.dll
0x000007fef7a80000 - 0x000007fef7b71000 	C:\Windows\system32\DDRAW.dll
0x000007fef8c70000 - 0x000007fef8c78000 	C:\Windows\system32\DCIMAN32.dll
0x000007feff180000 - 0x000007feff357000 	C:\Windows\system32\SETUPAPI.dll
0x000007fefd7c0000 - 0x000007fefd7f6000 	C:\Windows\system32\CFGMGR32.dll
0x000007fefda50000 - 0x000007fefdb27000 	C:\Windows\system32\OLEAUT32.dll
0x000007feff360000 - 0x000007feff563000 	C:\Windows\system32\ole32.dll
0x000007fefd7a0000 - 0x000007fefd7ba000 	C:\Windows\system32\DEVOBJ.dll
0x000007fefb810000 - 0x000007fefb828000 	C:\Windows\system32\dwmapi.dll
0x000007fefc6e0000 - 0x000007fefc6ec000 	C:\Windows\system32\VERSION.dll
0x0000000001f60000 - 0x0000000001fc2000 	C:\Users\DIESCH~1\AppData\Local\Temp\libgdxDie Scholzis\27538956\OpenAL64.dll
0x000007fefe050000 - 0x000007fefedd8000 	C:\Windows\system32\SHELL32.dll
0x000007fefd550000 - 0x000007fefd55f000 	C:\Windows\system32\CRYPTBASE.dll
0x000007fefbc30000 - 0x000007fefbc86000 	C:\Windows\system32\uxtheme.dll
0x000007fefddd0000 - 0x000007fefde69000 	C:\Windows\system32\CLBCatQ.DLL
0x000007fefbed0000 - 0x000007fefbffc000 	C:\Windows\System32\PROPSYS.dll
0x000007fefd990000 - 0x000007fefd9ca000 	C:\Windows\system32\WINTRUST.dll
0x000007fefd810000 - 0x000007fefd97c000 	C:\Windows\system32\CRYPT32.dll
0x000007fefd6c0000 - 0x000007fefd6cf000 	C:\Windows\system32\MSASN1.dll
0x000007fef8dd0000 - 0x000007fef8e58000 	C:\Windows\system32\dsound.dll
0x000007fefc6f0000 - 0x000007fefc71c000 	C:\Windows\system32\POWRPROF.dll
0x00000000057d0000 - 0x000000000581a000 	C:\Program Files\Acer\Acer ePower Management\SysHook.dll
0x000007fef9db0000 - 0x000007fef9e21000 	C:\Windows\system32\WINSPOOL.DRV
0x000007fefbdd0000 - 0x000007fefbe1b000 	C:\Windows\System32\MMDevApi.dll
0x000007fef6b40000 - 0x000007fef6b8f000 	C:\Windows\system32\AUDIOSES.DLL
0x000007fef7f40000 - 0x000007fef7f48000 	C:\Windows\system32\atig6pxx.dll
0x0000000069030000 - 0x000000006a4dc000 	C:\Windows\system32\atio6axx.dll
0x000007fef2210000 - 0x000007fef221a000 	C:\Windows\system32\atig6txx.dll
0x0000000072780000 - 0x000000007281f000 	C:\Windows\system32\aticfx64.dll
0x0000000005c00000 - 0x0000000005c57000 	C:\Windows\system32\atiadlxx.dll
0x000007feee260000 - 0x000007feee2fc000 	C:\Windows\system32\mscms.dll
0x000007fefc920000 - 0x000007fefc93e000 	C:\Windows\system32\USERENV.dll
0x000007fefd620000 - 0x000007fefd62f000 	C:\Windows\system32\profapi.dll
0x000007fef1450000 - 0x000007fef1492000 	C:\Windows\system32\icm32.dll
0x000007fef9e30000 - 0x000007fef9f55000 	C:\Windows\system32\dbghelp.dll

VM Arguments:
jvm_args: -Dfile.encoding=Cp1252 
java_command: sirkarpfen.breakablock.main.BlockMain
Launcher Type: SUN_STANDARD

Environment Variables:
JAVA_HOME=C:\Program Files\Java\jdk1.7.0_25
CLASSPATH=.;C:\java\eigeneKlassen
PATH=C:/Program Files/Java/jdk1.7.0_25/bin/../jre/bin/server;C:/Program Files/Java/jdk1.7.0_25/bin/../jre/bin;C:/Program Files/Java/jdk1.7.0_25/bin/../jre/lib/amd64;C:\Program Files (x86)\NVIDIA Corporation\PhysX\Common;C:\Program Files\Java\jdk1.7.0_25\bin;C:\Program Files (x86)\GimPhoto 1.4.3\bin;C:\Program Files (x86)\GimPhoto 1.4.3\lib\gimp\2.0\plug-ins;C:\Program Files (x86)\MySQL\MySQL Server 5.0\bin;C:\Program Files\Java\jdk1.7.0_25\bin;C:\Program Files (x86)\Maven\bin;C:\Program Files (x86)\Jar2Exe Wizard\;C:\java\eclipse;
USERNAME=Die Scholzis
OS=Windows_NT
PROCESSOR_IDENTIFIER=Intel64 Family 6 Model 42 Stepping 7, GenuineIntel



---------------  S Y S T E M  ---------------

OS: Windows 7 , 64 bit Build 7601 Service Pack 1

CPU:total 4 (2 cores per cpu, 2 threads per core) family 6 model 42 stepping 7, cmov, cx8, fxsr, mmx, sse, sse2, sse3, ssse3, sse4.1, sse4.2, popcnt, avx, ht, tsc, tscinvbit

Memory: 4k page, physical 8370032k(5721724k free), swap 32944172k(29392280k free)

vm_info: Java HotSpot(TM) 64-Bit Server VM (23.25-b01) for windows-amd64 JRE (1.7.0_25-b17), built on Jun 21 2013 12:58:32 by "java_re" with unknown MS VC++:1600

time: Fri Aug 16 21:05:56 2013
elapsed time: 27 seconds

