#
# A fatal error has been detected by the Java Runtime Environment:
#
#  EXCEPTION_ACCESS_VIOLATION (0xc0000005) at pc=0x000000006558afad, pid=5504, tid=2540
#
# JRE version: 7.0_25-b17
# Java VM: Java HotSpot(TM) 64-Bit Server VM (23.25-b01 mixed mode windows-amd64 compressed oops)
# Problematic frame:
# C  [gdx64.dll+0xafad]
#
# Failed to write core dump. Minidumps are not enabled by default on client versions of Windows
#
# If you would like to submit a bug report, please visit:
#   http://bugreport.sun.com/bugreport/crash.jsp
# The crash happened outside the Java Virtual Machine in native code.
# See problematic frame for where to report the bug.
#

---------------  T H R E A D  ---------------

Current thread (0x000000000d318800):  JavaThread "LWJGL Application" [_thread_in_native, id=2540, stack(0x000000000e500000,0x000000000e600000)]

siginfo: ExceptionCode=0xc0000005, reading address 0x0000000200321e70

Registers:
RAX=0x0000000000000008, RBX=0x00000000002adea0, RCX=0x0000000200321e70, RDX=0x00000000000000b8
RSP=0x000000000e5fec40, RBP=0x000000000e5fee30, RSI=0x0000000000000006, RDI=0x0000000000000004
R8 =0x00000000002adea0, R9 =0x0000000000000000, R10=0x0000000000000001, R11=0x0000000000000001
R12=0x0000000000000000, R13=0x000000077b72c920, R14=0x000000000e5feed8, R15=0x000000000d318800
RIP=0x000000006558afad, EFLAGS=0x0000000000010202

Top of Stack: (sp=0x000000000e5fec40)
0x000000000e5fec40:   00000000cd9f0000 000000002e00210f
0x000000000e5fec50:   000000000b685218 000000006104e6f5
0x000000000e5fec60:   00000000002adea0 000000000e5fecf0
0x000000000e5fec70:   0000000000000004 000000000e5fee30
0x000000000e5fec80:   0000000000000000 00000000655a0873
0x000000000e5fec90:   0000000000000012 000000006559e6a0
0x000000000e5feca0:   000000000b685218 0000000100000012
0x000000000e5fecb0:   0000000000000000 00000000ef6e8bfc
0x000000000e5fecc0:   0000000000000004 00000000655a8df8
0x000000000e5fecd0:   000000000e5fed30 0000000000000003
0x000000000e5fece0:   0000000000000004 00000000023255d8
0x000000000e5fecf0:   41bbbbbc00000000 00000000416eeeef
0x000000000e5fed00:   0000000000000000 0000000000000000
0x000000000e5fed10:   0000010100000000 000000000e5fee01
0x000000000e5fed20:   0000000000000000 000000003f800000
0x000000000e5fed30:   000000077b72c920 00000000023323a8 

Instructions: (pc=0x000000006558afad)
0x000000006558af8d:   cf c0 05 00 48 63 f6 0f b6 34 30 83 fe 0d 77 25
0x000000006558af9d:   48 63 f6 48 8d 46 02 48 8b 0c c3 48 85 c9 74 3e
0x000000006558afad:   48 8b 11 48 89 14 c3 48 89 c8 48 83 c4 20 5b 5e
0x000000006558afbd:   5f 5d 41 5c c3 48 8d 0d bf da 04 00 48 8d 15 50 


Register to memory mapping:

RAX=0x0000000000000008 is an unknown value
RBX=0x00000000002adea0 is an unknown value
RCX=0x0000000200321e70 is an unknown value
RDX=0x00000000000000b8 is an unknown value
RSP=0x000000000e5fec40 is pointing into the stack for thread: 0x000000000d318800
RBP=0x000000000e5fee30 is pointing into the stack for thread: 0x000000000d318800
RSI=0x0000000000000006 is an unknown value
RDI=0x0000000000000004 is an unknown value
R8 =0x00000000002adea0 is an unknown value
R9 =0x0000000000000000 is an unknown value
R10=0x0000000000000001 is an unknown value
R11=0x0000000000000001 is an unknown value
R12=0x0000000000000000 is an unknown value
R13=0x000000077b72c920 is an oop
{method} 
 - klass: {other class}
R14=0x000000000e5feed8 is pointing into the stack for thread: 0x000000000d318800
R15=0x000000000d318800 is a thread


Stack: [0x000000000e500000,0x000000000e600000],  sp=0x000000000e5fec40,  free space=1019k
Native frames: (J=compiled Java code, j=interpreted, Vv=VM code, C=native code)
C  [gdx64.dll+0xafad]
j  com.badlogic.gdx.physics.box2d.World.createBody(Lcom/badlogic/gdx/physics/box2d/BodyDef;)Lcom/badlogic/gdx/physics/box2d/Body;+80
j  sirkarpfen.breakablock.entities.bodies.BodyFactory.createPolygonBody(Lcom/badlogic/gdx/math/Vector2;FFLcom/badlogic/gdx/physics/box2d/BodyDef$BodyType;Lsirkarpfen/breakablock/entities/bodies/FixtureType;)Lcom/badlogic/gdx/physics/box2d/Body;+30
j  sirkarpfen.breakablock.entities.Brick.createBody(FF)V+68
j  sirkarpfen.breakablock.entities.Brick.<init>(FFLsirkarpfen/breakablock/entities/enums/ItemProperty;Z)V+51
j  sirkarpfen.breakablock.entities.manager.EntityManager.createBricks()V+240
j  sirkarpfen.breakablock.screens.GameScreen.render(F)V+276

Java frames: (J=compiled Java code, j=interpreted, Vv=VM code)
j  com.badlogic.gdx.physics.box2d.World.jniCreateBody(JIFFFFFFFFZZZZZF)J+0
j  com.badlogic.gdx.physics.box2d.World.createBody(Lcom/badlogic/gdx/physics/box2d/BodyDef;)Lcom/badlogic/gdx/physics/box2d/Body;+80
j  sirkarpfen.breakablock.entities.bodies.BodyFactory.createPolygonBody(Lcom/badlogic/gdx/math/Vector2;FFLcom/badlogic/gdx/physics/box2d/BodyDef$BodyType;Lsirkarpfen/breakablock/entities/bodies/FixtureType;)Lcom/badlogic/gdx/physics/box2d/Body;+30
j  sirkarpfen.breakablock.entities.Brick.createBody(FF)V+68
j  sirkarpfen.breakablock.entities.Brick.<init>(FFLsirkarpfen/breakablock/entities/enums/ItemProperty;Z)V+51
j  sirkarpfen.breakablock.entities.manager.EntityManager.createBricks()V+240
j  sirkarpfen.breakablock.screens.GameScreen.render(F)V+276
J  com.badlogic.gdx.Game.render()V
j  com.badlogic.gdx.backends.lwjgl.LwjglApplication.mainLoop()V+491
j  com.badlogic.gdx.backends.lwjgl.LwjglApplication$1.run()V+27
v  ~StubRoutines::call_stub

---------------  P R O C E S S  ---------------

Java Threads: ( => current thread )
  0x0000000001f4c800 JavaThread "DestroyJavaVM" [_thread_blocked, id=5196, stack(0x0000000002220000,0x0000000002320000)]
=>0x000000000d318800 JavaThread "LWJGL Application" [_thread_in_native, id=2540, stack(0x000000000e500000,0x000000000e600000)]
  0x000000000b68c800 JavaThread "Service Thread" daemon [_thread_blocked, id=4336, stack(0x000000000cfc0000,0x000000000d0c0000)]
  0x000000000b68b800 JavaThread "C2 CompilerThread1" daemon [_thread_blocked, id=1620, stack(0x000000000cdc0000,0x000000000cec0000)]
  0x000000000b689800 JavaThread "C2 CompilerThread0" daemon [_thread_blocked, id=5888, stack(0x000000000cba0000,0x000000000cca0000)]
  0x000000000b688800 JavaThread "Attach Listener" daemon [_thread_blocked, id=5708, stack(0x000000000ca60000,0x000000000cb60000)]
  0x000000000b681800 JavaThread "Signal Dispatcher" daemon [_thread_blocked, id=5652, stack(0x000000000c940000,0x000000000ca40000)]
  0x0000000002045800 JavaThread "Finalizer" daemon [_thread_blocked, id=4120, stack(0x000000000c3f0000,0x000000000c4f0000)]
  0x000000000b603800 JavaThread "Reference Handler" daemon [_thread_blocked, id=2992, stack(0x000000000c790000,0x000000000c890000)]

Other Threads:
  0x000000000b602000 VMThread [stack: 0x000000000c550000,0x000000000c650000] [id=2520]
  0x000000000b68d800 WatcherThread [stack: 0x000000000d110000,0x000000000d210000] [id=4924]

VM state:not at safepoint (normal execution)

VM Mutex/Monitor currently owned by a thread: None

Heap
 PSYoungGen      total 38144K, used 23568K [0x00000007d56b0000, 0x00000007d8140000, 0x0000000800000000)
  eden space 32704K, 57% used [0x00000007d56b0000,0x00000007d6934fa0,0x00000007d76a0000)
  from space 5440K, 84% used [0x00000007d76a0000,0x00000007d7b1f420,0x00000007d7bf0000)
  to   space 5440K, 0% used [0x00000007d7bf0000,0x00000007d7bf0000,0x00000007d8140000)
 ParOldGen       total 87232K, used 0K [0x0000000780400000, 0x0000000785930000, 0x00000007d56b0000)
  object space 87232K, 0% used [0x0000000780400000,0x0000000780400000,0x0000000785930000)
 PSPermGen       total 21248K, used 6275K [0x000000077b200000, 0x000000077c6c0000, 0x0000000780400000)
  object space 21248K, 29% used [0x000000077b200000,0x000000077b820fc8,0x000000077c6c0000)

Card table byte_map: [0x0000000005320000,0x0000000005750000] byte_map_base: 0x0000000001747000

Polling page: 0x0000000000100000

Code Cache  [0x0000000002320000, 0x0000000002590000, 0x0000000005320000)
 total_blobs=756 nmethods=375 adapters=332 free_code_cache=48041Kb largest_free_block=49165696

Compilation events (10 events):
Event: 170.710 Thread 0x000000000b68b800 nmethod 370 0x0000000002434810 code [0x0000000002434960, 0x0000000002434a68]
Event: 170.710 Thread 0x000000000b689800 nmethod 371 0x0000000002434510 code [0x0000000002434660, 0x00000000024346e8]
Event: 170.713 Thread 0x000000000b689800  374             com.badlogic.gdx.graphics.glutils.ShapeRenderer::setProjectionMatrix (15 bytes)
Event: 170.713 Thread 0x000000000b68b800  373             com.badlogic.gdx.physics.box2d.Box2DDebugRenderer::render (14 bytes)
Event: 170.714 Thread 0x000000000b689800 nmethod 374 0x0000000002435c50 code [0x0000000002435da0, 0x0000000002435eb8]
Event: 170.714 Thread 0x000000000b689800  375             com.badlogic.gdx.physics.box2d.World::getBodies (8 bytes)
Event: 170.715 Thread 0x000000000b68b800 nmethod 373 0x0000000002435750 code [0x00000000024358a0, 0x0000000002435a08]
Event: 170.715 Thread 0x000000000b68b800  376             com.badlogic.gdx.physics.box2d.World::getJoints (8 bytes)
Event: 170.717 Thread 0x000000000b689800 nmethod 375 0x00000000024352d0 code [0x0000000002435420, 0x00000000024355f8]
Event: 170.718 Thread 0x000000000b68b800 nmethod 376 0x0000000002434e50 code [0x0000000002434fa0, 0x0000000002435178]

GC Heap History (2 events):
Event: 58.391 GC heap before
{Heap before GC invocations=1 (full 0):
 PSYoungGen      total 38144K, used 32704K [0x00000007d56b0000, 0x00000007d8140000, 0x0000000800000000)
  eden space 32704K, 100% used [0x00000007d56b0000,0x00000007d76a0000,0x00000007d76a0000)
  from space 5440K, 0% used [0x00000007d7bf0000,0x00000007d7bf0000,0x00000007d8140000)
  to   space 5440K, 0% used [0x00000007d76a0000,0x00000007d76a0000,0x00000007d7bf0000)
 ParOldGen       total 87232K, used 0K [0x0000000780400000, 0x0000000785930000, 0x00000007d56b0000)
  object space 87232K, 0% used [0x0000000780400000,0x0000000780400000,0x0000000785930000)
 PSPermGen       total 21248K, used 6259K [0x000000077b200000, 0x000000077c6c0000, 0x0000000780400000)
  object space 21248K, 29% used [0x000000077b200000,0x000000077b81ceb8,0x000000077c6c0000)
Event: 58.404 GC heap after
Heap after GC invocations=1 (full 0):
 PSYoungGen      total 38144K, used 4605K [0x00000007d56b0000, 0x00000007d8140000, 0x0000000800000000)
  eden space 32704K, 0% used [0x00000007d56b0000,0x00000007d56b0000,0x00000007d76a0000)
  from space 5440K, 84% used [0x00000007d76a0000,0x00000007d7b1f420,0x00000007d7bf0000)
  to   space 5440K, 0% used [0x00000007d7bf0000,0x00000007d7bf0000,0x00000007d8140000)
 ParOldGen       total 87232K, used 0K [0x0000000780400000, 0x0000000785930000, 0x00000007d56b0000)
  object space 87232K, 0% used [0x0000000780400000,0x0000000780400000,0x0000000785930000)
 PSPermGen       total 21248K, used 6259K [0x000000077b200000, 0x000000077c6c0000, 0x0000000780400000)
  object space 21248K, 29% used [0x000000077b200000,0x000000077b81ceb8,0x000000077c6c0000)
}

Deoptimization events (6 events):
Event: 2.414 Thread 0x000000000d318800 Uncommon trap -58 fr.pc 0x00000000023d9704
Event: 2.435 Thread 0x000000000d318800 Uncommon trap -58 fr.pc 0x00000000023d9704
Event: 2.453 Thread 0x000000000d318800 Uncommon trap -58 fr.pc 0x00000000023d9704
Event: 2.466 Thread 0x000000000d318800 Uncommon trap -58 fr.pc 0x00000000023d9704
Event: 28.595 Thread 0x000000000d318800 Uncommon trap -34 fr.pc 0x00000000023e17b4
Event: 28.658 Thread 0x000000000d318800 Uncommon trap -83 fr.pc 0x00000000023b5f84

Internal exceptions (10 events):
Event: 0.701 Thread 0x000000000d318800 Threw 0x00000007d64f67e8 at C:\jdk7u2_64p\jdk7u25\hotspot\src\share\vm\prims\jvm.cpp:1235
Event: 0.703 Thread 0x000000000d318800 Threw 0x00000007d6502a70 at C:\jdk7u2_64p\jdk7u25\hotspot\src\share\vm\prims\jvm.cpp:1235
Event: 0.720 Thread 0x000000000d318800 Threw 0x00000007d6511708 at C:\jdk7u2_64p\jdk7u25\hotspot\src\share\vm\prims\jvm.cpp:1235
Event: 0.720 Thread 0x000000000d318800 Threw 0x00000007d6515590 at C:\jdk7u2_64p\jdk7u25\hotspot\src\share\vm\prims\jvm.cpp:1235
Event: 0.721 Thread 0x000000000d318800 Threw 0x00000007d65191c0 at C:\jdk7u2_64p\jdk7u25\hotspot\src\share\vm\prims\jvm.cpp:1235
Event: 0.721 Thread 0x000000000d318800 Threw 0x00000007d651d060 at C:\jdk7u2_64p\jdk7u25\hotspot\src\share\vm\prims\jvm.cpp:1235
Event: 0.799 Thread 0x000000000d318800 Threw 0x00000007d652e270 at C:\jdk7u2_64p\jdk7u25\hotspot\src\share\vm\prims\jvm.cpp:1235
Event: 0.800 Thread 0x000000000d318800 Threw 0x00000007d6531158 at C:\jdk7u2_64p\jdk7u25\hotspot\src\share\vm\prims\jvm.cpp:1235
Event: 32.383 Thread 0x000000000d318800 Threw 0x00000007d7140e80 at C:\jdk7u2_64p\jdk7u25\hotspot\src\share\vm\prims\jvm.cpp:1235
Event: 32.386 Thread 0x000000000d318800 Threw 0x00000007d714a3d0 at C:\jdk7u2_64p\jdk7u25\hotspot\src\share\vm\prims\jvm.cpp:1235

Events (10 events):
Event: 58.411 Executing VM operation: RevokeBias
Event: 58.411 Executing VM operation: RevokeBias done
Event: 58.411 Executing VM operation: RevokeBias
Event: 58.411 Executing VM operation: RevokeBias done
Event: 58.411 Executing VM operation: RevokeBias
Event: 58.411 Executing VM operation: RevokeBias done
Event: 100.386 loading class 0x000000000d349eb0
Event: 100.386 loading class 0x000000000d349eb0 done
Event: 147.462 Thread 0x000000000b68b800 flushing nmethod 0x00000000023d8090
Event: 170.635 Thread 0x000000000b689800 flushing nmethod 0x00000000023b5a10


Dynamic libraries:
0x000000013f660000 - 0x000000013f693000 	C:\Program Files\Java\jdk1.7.0_25\bin\javaw.exe
0x0000000077840000 - 0x00000000779e9000 	C:\Windows\SYSTEM32\ntdll.dll
0x0000000077720000 - 0x000000007783f000 	C:\Windows\system32\kernel32.dll
0x000007fefd9d0000 - 0x000007fefda3b000 	C:\Windows\system32\KERNELBASE.dll
0x000007feff000000 - 0x000007feff0db000 	C:\Windows\system32\ADVAPI32.dll
0x000007fefeef0000 - 0x000007fefef8f000 	C:\Windows\system32\msvcrt.dll
0x000007feff140000 - 0x000007feff15f000 	C:\Windows\SYSTEM32\sechost.dll
0x000007fefdc20000 - 0x000007fefdd4d000 	C:\Windows\system32\RPCRT4.dll
0x0000000077620000 - 0x000000007771a000 	C:\Windows\system32\USER32.dll
0x000007fefef90000 - 0x000007fefeff7000 	C:\Windows\system32\GDI32.dll
0x000007feff640000 - 0x000007feff64e000 	C:\Windows\system32\LPK.dll
0x000007feff570000 - 0x000007feff639000 	C:\Windows\system32\USP10.dll
0x000007fefc050000 - 0x000007fefc244000 	C:\Windows\WinSxS\amd64_microsoft.windows.common-controls_6595b64144ccf1df_6.0.7601.17514_none_fa396087175ac9ac\COMCTL32.dll
0x000007fefdfd0000 - 0x000007fefe041000 	C:\Windows\system32\SHLWAPI.dll
0x000007feffb10000 - 0x000007feffb3e000 	C:\Windows\system32\IMM32.DLL
0x000007fefede0000 - 0x000007fefeee9000 	C:\Windows\system32\MSCTF.dll
0x0000000062e60000 - 0x0000000062f31000 	C:\Program Files\Java\jdk1.7.0_25\jre\bin\msvcr100.dll
0x0000000060df0000 - 0x00000000614ff000 	C:\Program Files\Java\jdk1.7.0_25\jre\bin\server\jvm.dll
0x000007fef9c20000 - 0x000007fef9c29000 	C:\Windows\system32\WSOCK32.dll
0x000007fefdb30000 - 0x000007fefdb7d000 	C:\Windows\system32\WS2_32.dll
0x000007feffb40000 - 0x000007feffb48000 	C:\Windows\system32\NSI.dll
0x000007fef7f00000 - 0x000007fef7f3b000 	C:\Windows\system32\WINMM.dll
0x0000000077a10000 - 0x0000000077a17000 	C:\Windows\system32\PSAPI.DLL
0x0000000064f40000 - 0x0000000064f4f000 	C:\Program Files\Java\jdk1.7.0_25\jre\bin\verify.dll
0x0000000064ed0000 - 0x0000000064ef8000 	C:\Program Files\Java\jdk1.7.0_25\jre\bin\java.dll
0x0000000064eb0000 - 0x0000000064ec5000 	C:\Program Files\Java\jdk1.7.0_25\jre\bin\zip.dll
0x0000000065580000 - 0x000000006560d000 	C:\Users\Die Scholzis\AppData\Local\Temp\libgdxDie Scholzis\353737039\gdx64.dll
0x0000000180000000 - 0x0000000180050000 	C:\Users\Die Scholzis\AppData\Local\Temp\libgdxDie Scholzis\27538956\lwjgl64.dll
0x000007fef8cb0000 - 0x000007fef8dcd000 	C:\Windows\system32\OPENGL32.dll
0x000007fef8c80000 - 0x000007fef8cad000 	C:\Windows\system32\GLU32.dll
0x000007fef7a80000 - 0x000007fef7b71000 	C:\Windows\system32\DDRAW.dll
0x000007fef8c70000 - 0x000007fef8c78000 	C:\Windows\system32\DCIMAN32.dll
0x000007feff180000 - 0x000007feff357000 	C:\Windows\system32\SETUPAPI.dll
0x000007fefd7c0000 - 0x000007fefd7f6000 	C:\Windows\system32\CFGMGR32.dll
0x000007fefda50000 - 0x000007fefdb27000 	C:\Windows\system32\OLEAUT32.dll
0x000007feff360000 - 0x000007feff563000 	C:\Windows\system32\ole32.dll
0x000007fefd7a0000 - 0x000007fefd7ba000 	C:\Windows\system32\DEVOBJ.dll
0x000007fefb810000 - 0x000007fefb828000 	C:\Windows\system32\dwmapi.dll
0x000007fefc6e0000 - 0x000007fefc6ec000 	C:\Windows\system32\VERSION.dll
0x0000000001bf0000 - 0x0000000001c52000 	C:\Users\DIESCH~1\AppData\Local\Temp\libgdxDie Scholzis\27538956\OpenAL64.dll
0x000007fefe050000 - 0x000007fefedd8000 	C:\Windows\system32\SHELL32.dll
0x000007fefd550000 - 0x000007fefd55f000 	C:\Windows\system32\CRYPTBASE.dll
0x000007fefbc30000 - 0x000007fefbc86000 	C:\Windows\system32\uxtheme.dll
0x000007fefddd0000 - 0x000007fefde69000 	C:\Windows\system32\CLBCatQ.DLL
0x000007fefbed0000 - 0x000007fefbffc000 	C:\Windows\System32\PROPSYS.dll
0x000007fefd990000 - 0x000007fefd9ca000 	C:\Windows\system32\WINTRUST.dll
0x000007fefd810000 - 0x000007fefd97c000 	C:\Windows\system32\CRYPT32.dll
0x000007fefd6c0000 - 0x000007fefd6cf000 	C:\Windows\system32\MSASN1.dll
0x000007fef8dd0000 - 0x000007fef8e58000 	C:\Windows\system32\dsound.dll
0x000007fefc6f0000 - 0x000007fefc71c000 	C:\Windows\system32\POWRPROF.dll
0x0000000001db0000 - 0x0000000001dfa000 	C:\Program Files\Acer\Acer ePower Management\SysHook.dll
0x000007fef9db0000 - 0x000007fef9e21000 	C:\Windows\system32\WINSPOOL.DRV
0x000007fefbdd0000 - 0x000007fefbe1b000 	C:\Windows\System32\MMDevApi.dll
0x000007fef6b40000 - 0x000007fef6b8f000 	C:\Windows\system32\AUDIOSES.DLL
0x000007fef5a70000 - 0x000007fef5a78000 	C:\Windows\system32\atig6pxx.dll
0x0000000069030000 - 0x000000006a4dc000 	C:\Windows\system32\atio6axx.dll
0x000007fef7f40000 - 0x000007fef7f4a000 	C:\Windows\system32\atig6txx.dll
0x0000000072780000 - 0x000000007281f000 	C:\Windows\system32\aticfx64.dll
0x0000000005ec0000 - 0x0000000005f17000 	C:\Windows\system32\atiadlxx.dll
0x000007feefc90000 - 0x000007feefd2c000 	C:\Windows\system32\mscms.dll
0x000007fefc920000 - 0x000007fefc93e000 	C:\Windows\system32\USERENV.dll
0x000007fefd620000 - 0x000007fefd62f000 	C:\Windows\system32\profapi.dll
0x000007fef1800000 - 0x000007fef1842000 	C:\Windows\system32\icm32.dll
0x000007fef9e30000 - 0x000007fef9f55000 	C:\Windows\system32\dbghelp.dll

VM Arguments:
jvm_args: -Dfile.encoding=Cp1252 
java_command: sirkarpfen.breakablock.main.BlockMain
Launcher Type: SUN_STANDARD

Environment Variables:
JAVA_HOME=C:\Program Files\Java\jdk1.7.0_25
CLASSPATH=.;C:\java\eigeneKlassen
PATH=C:/Program Files/Java/jdk1.7.0_25/bin/../jre/bin/server;C:/Program Files/Java/jdk1.7.0_25/bin/../jre/bin;C:/Program Files/Java/jdk1.7.0_25/bin/../jre/lib/amd64;C:\Program Files (x86)\NVIDIA Corporation\PhysX\Common;C:\Program Files\Java\jdk1.7.0_25\bin;C:\Program Files (x86)\GimPhoto 1.4.3\bin;C:\Program Files (x86)\GimPhoto 1.4.3\lib\gimp\2.0\plug-ins;C:\Program Files (x86)\MySQL\MySQL Server 5.0\bin;C:\Program Files\Java\jdk1.7.0_25\bin;C:\Program Files (x86)\Maven\bin;C:\Program Files (x86)\Jar2Exe Wizard\;C:\java\eclipse;
USERNAME=Die Scholzis
OS=Windows_NT
PROCESSOR_IDENTIFIER=Intel64 Family 6 Model 42 Stepping 7, GenuineIntel



---------------  S Y S T E M  ---------------

OS: Windows 7 , 64 bit Build 7601 Service Pack 1

CPU:total 4 (2 cores per cpu, 2 threads per core) family 6 model 42 stepping 7, cmov, cx8, fxsr, mmx, sse, sse2, sse3, ssse3, sse4.1, sse4.2, popcnt, avx, ht, tsc, tscinvbit

Memory: 4k page, physical 8370032k(5787464k free), swap 32944172k(29464760k free)

vm_info: Java HotSpot(TM) 64-Bit Server VM (23.25-b01) for windows-amd64 JRE (1.7.0_25-b17), built on Jun 21 2013 12:58:32 by "java_re" with unknown MS VC++:1600

time: Fri Aug 16 20:52:06 2013
elapsed time: 170 seconds

