#
# A fatal error has been detected by the Java Runtime Environment:
#
#  EXCEPTION_ACCESS_VIOLATION (0xc0000005) at pc=0x000000006558afad, pid=5524, tid=5820
#
# JRE version: 7.0_25-b17
# Java VM: Java HotSpot(TM) 64-Bit Server VM (23.25-b01 mixed mode windows-amd64 compressed oops)
# Problematic frame:
# C  [gdx64.dll+0xafad]
#
# Failed to write core dump. Minidumps are not enabled by default on client versions of Windows
#
# If you would like to submit a bug report, please visit:
#   http://bugreport.sun.com/bugreport/crash.jsp
# The crash happened outside the Java Virtual Machine in native code.
# See problematic frame for where to report the bug.
#

---------------  T H R E A D  ---------------

Current thread (0x000000000d1f3000):  JavaThread "LWJGL Application" [_thread_in_native, id=5820, stack(0x000000000e5a0000,0x000000000e6a0000)]

siginfo: ExceptionCode=0xc0000005, reading address 0x00000002003c6420

Registers:
RAX=0x0000000000000008, RBX=0x000000000033dea0, RCX=0x00000002003c6420, RDX=0x00000000000000b8
RSP=0x000000000e69efc0, RBP=0x000000000e69f1b0, RSI=0x0000000000000006, RDI=0x00000000020164f0
R8 =0x000000000033dea0, R9 =0x0000000000000000, R10=0x0000000000000001, R11=0x0000000000000001
R12=0x0000000000000000, R13=0x000000077b72c920, R14=0x000000000e69f258, R15=0x000000000d1f3000
RIP=0x000000006558afad, EFLAGS=0x0000000000010202

Top of Stack: (sp=0x000000000e69efc0)
0x000000000e69efc0:   00000000e5fd0000 0000000000000000
0x000000000e69efd0:   000000000b685178 000000006104e6f5
0x000000000e69efe0:   000000000033dea0 000000000e69f070
0x000000000e69eff0:   00000000020164f0 000000000e69f1b0
0x000000000e69f000:   0000000000000000 00000000655a0873
0x000000000e69f010:   0000000000000012 0000000060edea35
0x000000000e69f020:   000000000b685178 0000000100000012
0x000000000e69f030:   0000000000000002 00000000ef6e8bfc
0x000000000e69f040:   00000000020164f0 00000000655a8df8
0x000000000e69f050:   000000000e69f0b0 0000000000000003
0x000000000e69f060:   00000000020164f0 00000000020155d8
0x000000000e69f070:   415dddde00000002 0000000040000000
0x000000000e69f080:   0000000000000000 0000000000000000
0x000000000e69f090:   0000010100000000 000000000e69f201
0x000000000e69f0a0:   0000000000000000 000000003f800000
0x000000000e69f0b0:   000000077b72c920 00000000020223a8 

Instructions: (pc=0x000000006558afad)
0x000000006558af8d:   cf c0 05 00 48 63 f6 0f b6 34 30 83 fe 0d 77 25
0x000000006558af9d:   48 63 f6 48 8d 46 02 48 8b 0c c3 48 85 c9 74 3e
0x000000006558afad:   48 8b 11 48 89 14 c3 48 89 c8 48 83 c4 20 5b 5e
0x000000006558afbd:   5f 5d 41 5c c3 48 8d 0d bf da 04 00 48 8d 15 50 


Register to memory mapping:

RAX=0x0000000000000008 is an unknown value
RBX=0x000000000033dea0 is an unknown value
RCX=0x00000002003c6420 is an unknown value
RDX=0x00000000000000b8 is an unknown value
RSP=0x000000000e69efc0 is pointing into the stack for thread: 0x000000000d1f3000
RBP=0x000000000e69f1b0 is pointing into the stack for thread: 0x000000000d1f3000
RSI=0x0000000000000006 is an unknown value
RDI=0x00000000020164f0 is an Interpreter codelet
return entry points  [0x0000000002015820, 0x0000000002017620]  7680 bytes
R8 =0x000000000033dea0 is an unknown value
R9 =0x0000000000000000 is an unknown value
R10=0x0000000000000001 is an unknown value
R11=0x0000000000000001 is an unknown value
R12=0x0000000000000000 is an unknown value
R13=0x000000077b72c920 is an oop
{method} 
 - klass: {other class}
R14=0x000000000e69f258 is pointing into the stack for thread: 0x000000000d1f3000
R15=0x000000000d1f3000 is a thread


Stack: [0x000000000e5a0000,0x000000000e6a0000],  sp=0x000000000e69efc0,  free space=1019k
Native frames: (J=compiled Java code, j=interpreted, Vv=VM code, C=native code)
C  [gdx64.dll+0xafad]
j  com.badlogic.gdx.physics.box2d.World.createBody(Lcom/badlogic/gdx/physics/box2d/BodyDef;)Lcom/badlogic/gdx/physics/box2d/Body;+80
j  sirkarpfen.breakablock.entities.bodies.BodyFactory.createBody(Lcom/badlogic/gdx/math/Vector2;Lcom/badlogic/gdx/physics/box2d/BodyDef$BodyType;)Lcom/badlogic/gdx/physics/box2d/Body;+43
j  sirkarpfen.breakablock.entities.Ball.createBody(FF)V+32
j  sirkarpfen.breakablock.entities.Ball.<init>(FFF)V+99
j  sirkarpfen.breakablock.entities.manager.EntityManager.createBall()V+80
j  sirkarpfen.breakablock.screens.GameScreen.render(F)V+298
j  com.badlogic.gdx.Game.render()V+19
j  com.badlogic.gdx.backends.lwjgl.LwjglApplication.mainLoop()V+491
j  com.badlogic.gdx.backends.lwjgl.LwjglApplication$1.run()V+27
v  ~StubRoutines::call_stub
V  [jvm.dll+0x1a6844]

Java frames: (J=compiled Java code, j=interpreted, Vv=VM code)
j  com.badlogic.gdx.physics.box2d.World.jniCreateBody(JIFFFFFFFFZZZZZF)J+0
j  com.badlogic.gdx.physics.box2d.World.createBody(Lcom/badlogic/gdx/physics/box2d/BodyDef;)Lcom/badlogic/gdx/physics/box2d/Body;+80
j  sirkarpfen.breakablock.entities.bodies.BodyFactory.createBody(Lcom/badlogic/gdx/math/Vector2;Lcom/badlogic/gdx/physics/box2d/BodyDef$BodyType;)Lcom/badlogic/gdx/physics/box2d/Body;+43
j  sirkarpfen.breakablock.entities.Ball.createBody(FF)V+32
j  sirkarpfen.breakablock.entities.Ball.<init>(FFF)V+99
j  sirkarpfen.breakablock.entities.manager.EntityManager.createBall()V+80
j  sirkarpfen.breakablock.screens.GameScreen.render(F)V+298
j  com.badlogic.gdx.Game.render()V+19
j  com.badlogic.gdx.backends.lwjgl.LwjglApplication.mainLoop()V+491
j  com.badlogic.gdx.backends.lwjgl.LwjglApplication$1.run()V+27
v  ~StubRoutines::call_stub

---------------  P R O C E S S  ---------------

Java Threads: ( => current thread )
  0x0000000001b7c800 JavaThread "DestroyJavaVM" [_thread_blocked, id=3912, stack(0x0000000001f10000,0x0000000002010000)]
=>0x000000000d1f3000 JavaThread "LWJGL Application" [_thread_in_native, id=5820, stack(0x000000000e5a0000,0x000000000e6a0000)]
  0x000000000b6b6000 JavaThread "Service Thread" daemon [_thread_blocked, id=4340, stack(0x000000000cf30000,0x000000000d030000)]
  0x000000000b69e000 JavaThread "C2 CompilerThread1" daemon [_thread_blocked, id=4668, stack(0x000000000cde0000,0x000000000cee0000)]
  0x000000000b68b800 JavaThread "C2 CompilerThread0" daemon [_thread_blocked, id=5196, stack(0x000000000cb40000,0x000000000cc40000)]
  0x000000000b689000 JavaThread "Attach Listener" daemon [_thread_blocked, id=3864, stack(0x000000000c9b0000,0x000000000cab0000)]
  0x000000000b681800 JavaThread "Signal Dispatcher" daemon [_thread_blocked, id=2604, stack(0x000000000c6d0000,0x000000000c7d0000)]
  0x0000000001e10000 JavaThread "Finalizer" daemon [_thread_blocked, id=5704, stack(0x000000000c7d0000,0x000000000c8d0000)]
  0x000000000b603800 JavaThread "Reference Handler" daemon [_thread_blocked, id=5564, stack(0x000000000c440000,0x000000000c540000)]

Other Threads:
  0x000000000b602000 VMThread [stack: 0x000000000c580000,0x000000000c680000] [id=4292]
  0x000000000b6bf000 WatcherThread [stack: 0x000000000d030000,0x000000000d130000] [id=4940]

VM state:not at safepoint (normal execution)

VM Mutex/Monitor currently owned by a thread: None

Heap
 PSYoungGen      total 38144K, used 25228K [0x00000007d56b0000, 0x00000007d8140000, 0x0000000800000000)
  eden space 32704K, 77% used [0x00000007d56b0000,0x00000007d6f531f0,0x00000007d76a0000)
  from space 5440K, 0% used [0x00000007d7bf0000,0x00000007d7bf0000,0x00000007d8140000)
  to   space 5440K, 0% used [0x00000007d76a0000,0x00000007d76a0000,0x00000007d7bf0000)
 ParOldGen       total 87232K, used 0K [0x0000000780400000, 0x0000000785930000, 0x00000007d56b0000)
  object space 87232K, 0% used [0x0000000780400000,0x0000000780400000,0x0000000785930000)
 PSPermGen       total 21248K, used 6220K [0x000000077b200000, 0x000000077c6c0000, 0x0000000780400000)
  object space 21248K, 29% used [0x000000077b200000,0x000000077b813258,0x000000077c6c0000)

Card table byte_map: [0x00000000050d0000,0x0000000005500000] byte_map_base: 0x00000000014f7000

Polling page: 0x0000000000400000

Code Cache  [0x0000000002010000, 0x0000000002280000, 0x0000000005010000)
 total_blobs=606 nmethods=225 adapters=332 free_code_cache=48295Kb largest_free_block=49422016

Compilation events (10 events):
Event: 25.119 Thread 0x000000000b68b800  221             java.lang.StringBuilder::append (8 bytes)
Event: 25.131 Thread 0x000000000b68b800 nmethod 221 0x00000000020e8990 code [0x00000000020e8ae0, 0x00000000020e8e98]
Event: 25.789 Thread 0x000000000b68b800  223             java.lang.Integer::getChars (131 bytes)
Event: 25.789 Thread 0x000000000b69e000  222             java.lang.Integer::stringSize (21 bytes)
Event: 25.791 Thread 0x000000000b69e000 nmethod 222 0x00000000020e9250 code [0x00000000020e9380, 0x00000000020e9478]
Event: 25.798 Thread 0x000000000b68b800 nmethod 223 0x00000000020e80d0 code [0x00000000020e8220, 0x00000000020e8718]
Event: 27.081 Thread 0x000000000b69e000  224  s!         sun.misc.URLClassPath::getLoader (154 bytes)
Event: 27.099 Thread 0x000000000b69e000 nmethod 224 0x00000000020ec950 code [0x00000000020ecb20, 0x00000000020ed9a0]
Event: 27.825 Thread 0x000000000b68b800  225   !         org.lwjgl.opengl.Display::isFullscreen (34 bytes)
Event: 27.826 Thread 0x000000000b68b800 nmethod 225 0x00000000020e5c50 code [0x00000000020e5da0, 0x00000000020e6018]

GC Heap History (0 events):
No events

Deoptimization events (5 events):
Event: 2.374 Thread 0x000000000d1f3000 Uncommon trap -58 fr.pc 0x00000000020c6b00
Event: 2.417 Thread 0x000000000d1f3000 Uncommon trap -58 fr.pc 0x00000000020c6b00
Event: 2.418 Thread 0x000000000d1f3000 Uncommon trap -58 fr.pc 0x00000000020c6b00
Event: 2.445 Thread 0x000000000d1f3000 Uncommon trap -58 fr.pc 0x00000000020c6b00
Event: 2.953 Thread 0x000000000d1f3000 Uncommon trap -83 fr.pc 0x00000000020afffc

Internal exceptions (10 events):
Event: 0.690 Thread 0x000000000d1f3000 Threw 0x00000007d64ea6f0 at C:\jdk7u2_64p\jdk7u25\hotspot\src\share\vm\prims\jvm.cpp:1235
Event: 0.692 Thread 0x000000000d1f3000 Threw 0x00000007d64f6978 at C:\jdk7u2_64p\jdk7u25\hotspot\src\share\vm\prims\jvm.cpp:1235
Event: 0.707 Thread 0x000000000d1f3000 Threw 0x00000007d65055f0 at C:\jdk7u2_64p\jdk7u25\hotspot\src\share\vm\prims\jvm.cpp:1235
Event: 0.708 Thread 0x000000000d1f3000 Threw 0x00000007d6509478 at C:\jdk7u2_64p\jdk7u25\hotspot\src\share\vm\prims\jvm.cpp:1235
Event: 0.709 Thread 0x000000000d1f3000 Threw 0x00000007d650d0a8 at C:\jdk7u2_64p\jdk7u25\hotspot\src\share\vm\prims\jvm.cpp:1235
Event: 0.709 Thread 0x000000000d1f3000 Threw 0x00000007d6510f98 at C:\jdk7u2_64p\jdk7u25\hotspot\src\share\vm\prims\jvm.cpp:1235
Event: 0.756 Thread 0x000000000d1f3000 Threw 0x00000007d651b960 at C:\jdk7u2_64p\jdk7u25\hotspot\src\share\vm\prims\jvm.cpp:1235
Event: 0.756 Thread 0x000000000d1f3000 Threw 0x00000007d651e848 at C:\jdk7u2_64p\jdk7u25\hotspot\src\share\vm\prims\jvm.cpp:1235
Event: 3.658 Thread 0x000000000d1f3000 Threw 0x00000007d66a0668 at C:\jdk7u2_64p\jdk7u25\hotspot\src\share\vm\prims\jvm.cpp:1235
Event: 3.659 Thread 0x000000000d1f3000 Threw 0x00000007d66a9bb8 at C:\jdk7u2_64p\jdk7u25\hotspot\src\share\vm\prims\jvm.cpp:1235

Events (10 events):
Event: 2.918 loading class 0x0000000001e07160
Event: 2.918 loading class 0x0000000001e07160 done
Event: 2.953 Thread 0x000000000d1f3000 DEOPT PACKING pc=0x00000000020afffc sp=0x000000000e69f360
Event: 2.953 Thread 0x000000000d1f3000 DEOPT UNPACKING pc=0x0000000002049164 sp=0x000000000e69f2e0 mode 2
Event: 3.657 loading class 0x000000000d3236f0
Event: 3.657 loading class 0x000000000d3236f0 done
Event: 3.659 loading class 0x000000000d2c1000
Event: 3.659 loading class 0x000000000d2c1000 done
Event: 4.270 Executing VM operation: EnableBiasedLocking
Event: 4.270 Executing VM operation: EnableBiasedLocking done


Dynamic libraries:
0x000000013fa90000 - 0x000000013fac3000 	C:\Program Files\Java\jdk1.7.0_25\bin\javaw.exe
0x0000000077840000 - 0x00000000779e9000 	C:\Windows\SYSTEM32\ntdll.dll
0x0000000077720000 - 0x000000007783f000 	C:\Windows\system32\kernel32.dll
0x000007fefd9d0000 - 0x000007fefda3b000 	C:\Windows\system32\KERNELBASE.dll
0x000007feff000000 - 0x000007feff0db000 	C:\Windows\system32\ADVAPI32.dll
0x000007fefeef0000 - 0x000007fefef8f000 	C:\Windows\system32\msvcrt.dll
0x000007feff140000 - 0x000007feff15f000 	C:\Windows\SYSTEM32\sechost.dll
0x000007fefdc20000 - 0x000007fefdd4d000 	C:\Windows\system32\RPCRT4.dll
0x0000000077620000 - 0x000000007771a000 	C:\Windows\system32\USER32.dll
0x000007fefef90000 - 0x000007fefeff7000 	C:\Windows\system32\GDI32.dll
0x000007feff640000 - 0x000007feff64e000 	C:\Windows\system32\LPK.dll
0x000007feff570000 - 0x000007feff639000 	C:\Windows\system32\USP10.dll
0x000007fefc050000 - 0x000007fefc244000 	C:\Windows\WinSxS\amd64_microsoft.windows.common-controls_6595b64144ccf1df_6.0.7601.17514_none_fa396087175ac9ac\COMCTL32.dll
0x000007fefdfd0000 - 0x000007fefe041000 	C:\Windows\system32\SHLWAPI.dll
0x000007feffb10000 - 0x000007feffb3e000 	C:\Windows\system32\IMM32.DLL
0x000007fefede0000 - 0x000007fefeee9000 	C:\Windows\system32\MSCTF.dll
0x0000000062e60000 - 0x0000000062f31000 	C:\Program Files\Java\jdk1.7.0_25\jre\bin\msvcr100.dll
0x0000000060df0000 - 0x00000000614ff000 	C:\Program Files\Java\jdk1.7.0_25\jre\bin\server\jvm.dll
0x000007fef9c20000 - 0x000007fef9c29000 	C:\Windows\system32\WSOCK32.dll
0x000007fefdb30000 - 0x000007fefdb7d000 	C:\Windows\system32\WS2_32.dll
0x000007feffb40000 - 0x000007feffb48000 	C:\Windows\system32\NSI.dll
0x000007fef7f00000 - 0x000007fef7f3b000 	C:\Windows\system32\WINMM.dll
0x0000000077a10000 - 0x0000000077a17000 	C:\Windows\system32\PSAPI.DLL
0x0000000064f40000 - 0x0000000064f4f000 	C:\Program Files\Java\jdk1.7.0_25\jre\bin\verify.dll
0x0000000064ed0000 - 0x0000000064ef8000 	C:\Program Files\Java\jdk1.7.0_25\jre\bin\java.dll
0x0000000064eb0000 - 0x0000000064ec5000 	C:\Program Files\Java\jdk1.7.0_25\jre\bin\zip.dll
0x0000000065580000 - 0x000000006560d000 	C:\Users\Die Scholzis\AppData\Local\Temp\libgdxDie Scholzis\353737039\gdx64.dll
0x0000000180000000 - 0x0000000180050000 	C:\Users\Die Scholzis\AppData\Local\Temp\libgdxDie Scholzis\27538956\lwjgl64.dll
0x000007fef8cb0000 - 0x000007fef8dcd000 	C:\Windows\system32\OPENGL32.dll
0x000007fef8c80000 - 0x000007fef8cad000 	C:\Windows\system32\GLU32.dll
0x000007fef7a80000 - 0x000007fef7b71000 	C:\Windows\system32\DDRAW.dll
0x000007fef8c70000 - 0x000007fef8c78000 	C:\Windows\system32\DCIMAN32.dll
0x000007feff180000 - 0x000007feff357000 	C:\Windows\system32\SETUPAPI.dll
0x000007fefd7c0000 - 0x000007fefd7f6000 	C:\Windows\system32\CFGMGR32.dll
0x000007fefda50000 - 0x000007fefdb27000 	C:\Windows\system32\OLEAUT32.dll
0x000007feff360000 - 0x000007feff563000 	C:\Windows\system32\ole32.dll
0x000007fefd7a0000 - 0x000007fefd7ba000 	C:\Windows\system32\DEVOBJ.dll
0x000007fefb810000 - 0x000007fefb828000 	C:\Windows\system32\dwmapi.dll
0x000007fefc6e0000 - 0x000007fefc6ec000 	C:\Windows\system32\VERSION.dll
0x0000000001ea0000 - 0x0000000001f02000 	C:\Users\DIESCH~1\AppData\Local\Temp\libgdxDie Scholzis\27538956\OpenAL64.dll
0x000007fefe050000 - 0x000007fefedd8000 	C:\Windows\system32\SHELL32.dll
0x000007fefd550000 - 0x000007fefd55f000 	C:\Windows\system32\CRYPTBASE.dll
0x000007fefbc30000 - 0x000007fefbc86000 	C:\Windows\system32\uxtheme.dll
0x000007fefddd0000 - 0x000007fefde69000 	C:\Windows\system32\CLBCatQ.DLL
0x000007fefbed0000 - 0x000007fefbffc000 	C:\Windows\System32\PROPSYS.dll
0x000007fefd990000 - 0x000007fefd9ca000 	C:\Windows\system32\WINTRUST.dll
0x000007fefd810000 - 0x000007fefd97c000 	C:\Windows\system32\CRYPT32.dll
0x000007fefd6c0000 - 0x000007fefd6cf000 	C:\Windows\system32\MSASN1.dll
0x000007fef8dd0000 - 0x000007fef8e58000 	C:\Windows\system32\dsound.dll
0x000007fefc6f0000 - 0x000007fefc71c000 	C:\Windows\system32\POWRPROF.dll
0x00000000057c0000 - 0x000000000580a000 	C:\Program Files\Acer\Acer ePower Management\SysHook.dll
0x000007fef9db0000 - 0x000007fef9e21000 	C:\Windows\system32\WINSPOOL.DRV
0x000007fefbdd0000 - 0x000007fefbe1b000 	C:\Windows\System32\MMDevApi.dll
0x000007fef6b40000 - 0x000007fef6b8f000 	C:\Windows\system32\AUDIOSES.DLL
0x000007fef2210000 - 0x000007fef2218000 	C:\Windows\system32\atig6pxx.dll
0x0000000069030000 - 0x000000006a4dc000 	C:\Windows\system32\atio6axx.dll
0x000007fef7f40000 - 0x000007fef7f4a000 	C:\Windows\system32\atig6txx.dll
0x0000000072780000 - 0x000000007281f000 	C:\Windows\system32\aticfx64.dll
0x000000000b440000 - 0x000000000b497000 	C:\Windows\system32\atiadlxx.dll
0x000007feee1c0000 - 0x000007feee25c000 	C:\Windows\system32\mscms.dll
0x000007fefc920000 - 0x000007fefc93e000 	C:\Windows\system32\USERENV.dll
0x000007fefd620000 - 0x000007fefd62f000 	C:\Windows\system32\profapi.dll
0x000007fef0d30000 - 0x000007fef0d72000 	C:\Windows\system32\icm32.dll
0x000007fef9e30000 - 0x000007fef9f55000 	C:\Windows\system32\dbghelp.dll

VM Arguments:
jvm_args: -Dfile.encoding=Cp1252 
java_command: sirkarpfen.breakablock.main.BlockMain
Launcher Type: SUN_STANDARD

Environment Variables:
JAVA_HOME=C:\Program Files\Java\jdk1.7.0_25
CLASSPATH=.;C:\java\eigeneKlassen
PATH=C:/Program Files/Java/jdk1.7.0_25/bin/../jre/bin/server;C:/Program Files/Java/jdk1.7.0_25/bin/../jre/bin;C:/Program Files/Java/jdk1.7.0_25/bin/../jre/lib/amd64;C:\Program Files (x86)\NVIDIA Corporation\PhysX\Common;C:\Program Files\Java\jdk1.7.0_25\bin;C:\Program Files (x86)\GimPhoto 1.4.3\bin;C:\Program Files (x86)\GimPhoto 1.4.3\lib\gimp\2.0\plug-ins;C:\Program Files (x86)\MySQL\MySQL Server 5.0\bin;C:\Program Files\Java\jdk1.7.0_25\bin;C:\Program Files (x86)\Maven\bin;C:\Program Files (x86)\Jar2Exe Wizard\;C:\java\eclipse;
USERNAME=Die Scholzis
OS=Windows_NT
PROCESSOR_IDENTIFIER=Intel64 Family 6 Model 42 Stepping 7, GenuineIntel



---------------  S Y S T E M  ---------------

OS: Windows 7 , 64 bit Build 7601 Service Pack 1

CPU:total 4 (2 cores per cpu, 2 threads per core) family 6 model 42 stepping 7, cmov, cx8, fxsr, mmx, sse, sse2, sse3, ssse3, sse4.1, sse4.2, popcnt, avx, ht, tsc, tscinvbit

Memory: 4k page, physical 8370032k(5718336k free), swap 32944172k(29380304k free)

vm_info: Java HotSpot(TM) 64-Bit Server VM (23.25-b01) for windows-amd64 JRE (1.7.0_25-b17), built on Jun 21 2013 12:58:32 by "java_re" with unknown MS VC++:1600

time: Fri Aug 16 21:06:54 2013
elapsed time: 28 seconds

